logs/repro_seed42.txt
val_bpb:enabled tokenizer_kind=sentencepiece tokenizer_path=./data/tokenizers/fineweb_1024_bpe.model
train_loader:dataset:fineweb10B_sp1024 train_shards:80
val_loader:shards pattern=./data/datasets/fineweb10B_sp1024/fineweb_val_*.bin tokens:62021632
model_params:22368841
world_size:8 grad_accum_steps:1
attention_mode:gqa num_heads:8 num_kv_heads:4
tie_embeddings:True embed_lr:0.03 matrix_lr:0.02 scalar_lr:0.02
train_batch_tokens:786432 train_seq_len:2048 iterations:20000 warmup_steps:20 max_wallclock_seconds:600.000
seed:42
warmup_step:1/20
warmup_step:2/20
warmup_step:3/20
warmup_step:4/20
warmup_step:5/20
warmup_step:6/20
warmup_step:7/20
warmup_step:8/20
warmup_step:9/20
warmup_step:10/20
warmup_step:11/20
warmup_step:12/20
warmup_step:13/20
warmup_step:14/20
warmup_step:15/20
warmup_step:16/20
warmup_step:17/20
warmup_step:18/20
warmup_step:19/20
warmup_step:20/20
step:0/20000 val_loss:6.9299 val_bpb:4.1043 train_time:0ms step_avg:0.02ms
step:1/20000 train_loss:6.9310 train_time:135ms step_avg:135.05ms
step:2/20000 train_loss:8.0394 train_time:189ms step_avg:94.41ms
step:3/20000 train_loss:7.5863 train_time:267ms step_avg:89.14ms
step:4/20000 train_loss:6.9690 train_time:347ms step_avg:86.72ms
step:5/20000 train_loss:6.7855 train_time:426ms step_avg:85.22ms
step:6/20000 train_loss:6.7114 train_time:505ms step_avg:84.24ms
step:7/20000 train_loss:6.5691 train_time:585ms step_avg:83.59ms
step:8/20000 train_loss:6.4877 train_time:665ms step_avg:83.13ms
step:9/20000 train_loss:6.2612 train_time:746ms step_avg:82.88ms
step:10/20000 train_loss:6.0132 train_time:825ms step_avg:82.48ms
step:100/20000 train_loss:3.2142 train_time:8038ms step_avg:80.38ms
step:200/20000 train_loss:2.4214 train_time:16137ms step_avg:80.69ms
step:300/20000 train_loss:2.5678 train_time:24263ms step_avg:80.88ms
step:400/20000 train_loss:2.4258 train_time:32379ms step_avg:80.95ms
step:500/20000 train_loss:2.4101 train_time:40431ms step_avg:80.86ms
step:500/20000 val_loss:2.3702 val_bpb:1.4037 train_time:40460ms step_avg:80.92ms
step:600/20000 train_loss:2.3439 train_time:48562ms step_avg:80.94ms
step:700/20000 train_loss:2.3577 train_time:56697ms step_avg:81.00ms
step:800/20000 train_loss:2.2490 train_time:64849ms step_avg:81.06ms
step:900/20000 train_loss:2.1349 train_time:72984ms step_avg:81.09ms
step:1000/20000 train_loss:2.2804 train_time:81068ms step_avg:81.07ms
step:1000/20000 val_loss:2.2343 val_bpb:1.3233 train_time:81098ms step_avg:81.10ms
step:1100/20000 train_loss:2.3262 train_time:89210ms step_avg:81.10ms
step:1200/20000 train_loss:2.3615 train_time:97350ms step_avg:81.12ms
step:1300/20000 train_loss:2.1056 train_time:105501ms step_avg:81.15ms
step:1400/20000 train_loss:2.1901 train_time:113656ms step_avg:81.18ms
step:1500/20000 train_loss:2.2290 train_time:121736ms step_avg:81.16ms
step:1500/20000 val_loss:2.1907 val_bpb:1.2974 train_time:121767ms step_avg:81.18ms
step:1600/20000 train_loss:2.0822 train_time:129879ms step_avg:81.17ms
step:1700/20000 train_loss:2.1529 train_time:138027ms step_avg:81.19ms
step:1800/20000 train_loss:2.1694 train_time:146194ms step_avg:81.22ms
step:1900/20000 train_loss:2.1383 train_time:154276ms step_avg:81.20ms
step:2000/20000 train_loss:2.0758 train_time:162420ms step_avg:81.21ms
step:2000/20000 val_loss:2.1396 val_bpb:1.2672 train_time:162450ms step_avg:81.22ms
step:2100/20000 train_loss:2.0556 train_time:170594ms step_avg:81.24ms
step:2200/20000 train_loss:2.1453 train_time:178748ms step_avg:81.25ms
step:2300/20000 train_loss:2.1128 train_time:186919ms step_avg:81.27ms
step:2400/20000 train_loss:2.0734 train_time:195031ms step_avg:81.26ms
step:2500/20000 train_loss:2.1765 train_time:203196ms step_avg:81.28ms
step:2500/20000 val_loss:2.1098 val_bpb:1.2496 train_time:203225ms step_avg:81.29ms
step:2600/20000 train_loss:2.1107 train_time:211355ms step_avg:81.29ms
step:2700/20000 train_loss:2.1034 train_time:219505ms step_avg:81.30ms
step:2800/20000 train_loss:2.1564 train_time:227677ms step_avg:81.31ms
step:2900/20000 train_loss:2.0267 train_time:235763ms step_avg:81.30ms
step:3000/20000 train_loss:2.1625 train_time:243900ms step_avg:81.30ms
step:3000/20000 val_loss:2.0924 val_bpb:1.2392 train_time:243930ms step_avg:81.31ms
step:3100/20000 train_loss:2.0329 train_time:252051ms step_avg:81.31ms
step:3200/20000 train_loss:2.1726 train_time:260203ms step_avg:81.31ms
step:3300/20000 train_loss:2.0708 train_time:268291ms step_avg:81.30ms
step:3400/20000 train_loss:2.0207 train_time:276454ms step_avg:81.31ms
step:3500/20000 train_loss:2.1794 train_time:284610ms step_avg:81.32ms
step:3500/20000 val_loss:2.0809 val_bpb:1.2324 train_time:284640ms step_avg:81.33ms
step:3600/20000 train_loss:2.1006 train_time:292763ms step_avg:81.32ms
step:3700/20000 train_loss:2.0947 train_time:300926ms step_avg:81.33ms
step:3800/20000 train_loss:2.0759 train_time:309013ms step_avg:81.32ms
step:3900/20000 train_loss:2.0770 train_time:317184ms step_avg:81.33ms
step:4000/20000 train_loss:1.9818 train_time:325326ms step_avg:81.33ms
step:4000/20000 val_loss:2.0736 val_bpb:1.2281 train_time:325357ms step_avg:81.34ms
step:4100/20000 train_loss:2.0247 train_time:333474ms step_avg:81.34ms
step:4200/20000 train_loss:2.1603 train_time:341627ms step_avg:81.34ms
step:4300/20000 train_loss:2.0729 train_time:349735ms step_avg:81.33ms
step:4400/20000 train_loss:2.0484 train_time:357902ms step_avg:81.34ms
step:4500/20000 train_loss:2.1404 train_time:366055ms step_avg:81.35ms
step:4500/20000 val_loss:2.0620 val_bpb:1.2213 train_time:366085ms step_avg:81.35ms
step:4600/20000 train_loss:1.8604 train_time:374223ms step_avg:81.35ms
step:4700/20000 train_loss:2.2528 train_time:382306ms step_avg:81.34ms
step:4800/20000 train_loss:2.4504 train_time:390451ms step_avg:81.34ms
step:4900/20000 train_loss:2.0692 train_time:398606ms step_avg:81.35ms
step:5000/20000 train_loss:2.1254 train_time:406761ms step_avg:81.35ms
step:5000/20000 val_loss:2.0440 val_bpb:1.2106 train_time:406794ms step_avg:81.36ms
step:5100/20000 train_loss:2.1463 train_time:414937ms step_avg:81.36ms
step:5200/20000 train_loss:2.0638 train_time:423023ms step_avg:81.35ms
step:5300/20000 train_loss:2.0309 train_time:431178ms step_avg:81.35ms
step:5400/20000 train_loss:2.0713 train_time:439324ms step_avg:81.36ms
step:5500/20000 train_loss:2.0430 train_time:447480ms step_avg:81.36ms
step:5500/20000 val_loss:2.0270 val_bpb:1.2005 train_time:447511ms step_avg:81.37ms
step:5600/20000 train_loss:1.9830 train_time:455641ms step_avg:81.36ms
step:5700/20000 train_loss:2.0419 train_time:463731ms step_avg:81.36ms
step:5800/20000 train_loss:2.0311 train_time:471887ms step_avg:81.36ms
step:5900/20000 train_loss:1.9352 train_time:480056ms step_avg:81.37ms
swa:start step:6000
step:6000/20000 train_loss:1.9705 train_time:488217ms step_avg:81.37ms
step:6000/20000 val_loss:2.0112 val_bpb:1.1912 train_time:488324ms step_avg:81.39ms
step:6100/20000 train_loss:1.9516 train_time:496385ms step_avg:81.37ms
step:6200/20000 train_loss:1.9816 train_time:504555ms step_avg:81.38ms
step:6300/20000 train_loss:1.9841 train_time:512752ms step_avg:81.39ms
step:6400/20000 train_loss:2.0356 train_time:520915ms step_avg:81.39ms
step:6500/20000 train_loss:2.1187 train_time:529113ms step_avg:81.40ms
step:6500/20000 val_loss:1.9924 val_bpb:1.1800 train_time:529143ms step_avg:81.41ms
step:6600/20000 train_loss:1.8839 train_time:537215ms step_avg:81.40ms
step:6700/20000 train_loss:1.9833 train_time:545429ms step_avg:81.41ms
step:6800/20000 train_loss:2.0671 train_time:553598ms step_avg:81.41ms
step:6900/20000 train_loss:1.8716 train_time:561814ms step_avg:81.42ms
step:7000/20000 train_loss:1.8377 train_time:569964ms step_avg:81.42ms
step:7000/20000 val_loss:1.9757 val_bpb:1.1701 train_time:570034ms step_avg:81.43ms
step:7100/20000 train_loss:1.9747 train_time:578104ms step_avg:81.42ms
step:7200/20000 train_loss:1.9239 train_time:586263ms step_avg:81.43ms
step:7300/20000 train_loss:2.0481 train_time:594456ms step_avg:81.43ms
step:7369/20000 val_loss:1.9654 val_bpb:1.1640 train_time:600072ms step_avg:81.43ms
stopping_early: wallclock_cap train_time:600072ms step:7369/20000
peak memory allocated: 16962 MiB reserved: 17072 MiB
swa:applying averaged 7 checkpoints
Serialized model: 87413467 bytes
Code size: 52244 bytes
Total submission size: 87465711 bytes
Serialized model int6+zstd: 15829986 bytes
Total submission size int8+zlib: 15882230 bytes
final_eval_mode:sliding_window stride:64 batch_seqs:32
  sliding_eval [  0.0%] 32/121136 windows running_bpb=1.222434
  sliding_eval [  1.3%] 1632/121136 windows running_bpb=1.143585
  sliding_eval [  2.7%] 3232/121136 windows running_bpb=1.145154
  sliding_eval [  4.0%] 4832/121136 windows running_bpb=1.138987
  sliding_eval [  5.3%] 6432/121136 windows running_bpb=1.151322
  sliding_eval [  6.6%] 8032/121136 windows running_bpb=1.152404
  sliding_eval [  8.0%] 9632/121136 windows running_bpb=1.153844
  sliding_eval [  9.3%] 11232/121136 windows running_bpb=1.149399
  sliding_eval [ 10.6%] 12832/121136 windows running_bpb=1.146812
  sliding_eval [ 11.9%] 14432/121136 windows running_bpb=1.148581
  sliding_eval [ 13.2%] 16032/121136 windows running_bpb=1.157180
  sliding_eval [ 14.6%] 17632/121136 windows running_bpb=1.155479
  sliding_eval [ 15.9%] 19232/121136 windows running_bpb=1.156651
  sliding_eval [ 17.2%] 20832/121136 windows running_bpb=1.154927
  sliding_eval [ 18.5%] 22432/121136 windows running_bpb=1.153421
  sliding_eval [ 19.8%] 24032/121136 windows running_bpb=1.153825
  sliding_eval [ 21.2%] 25632/121136 windows running_bpb=1.155192
  sliding_eval [ 22.5%] 27232/121136 windows running_bpb=1.155753
  sliding_eval [ 23.8%] 28832/121136 windows running_bpb=1.161960
  sliding_eval [ 25.1%] 30432/121136 windows running_bpb=1.159350
  sliding_eval [ 26.4%] 32032/121136 windows running_bpb=1.160298
  sliding_eval [ 27.8%] 33632/121136 windows running_bpb=1.158928
  sliding_eval [ 29.1%] 35232/121136 windows running_bpb=1.158223
  sliding_eval [ 30.4%] 36832/121136 windows running_bpb=1.157810
  sliding_eval [ 31.7%] 38432/121136 windows running_bpb=1.158468
  sliding_eval [ 33.0%] 40032/121136 windows running_bpb=1.156061
  sliding_eval [ 34.4%] 41632/121136 windows running_bpb=1.155090
  sliding_eval [ 35.7%] 43232/121136 windows running_bpb=1.155398
  sliding_eval [ 37.0%] 44832/121136 windows running_bpb=1.154158
  sliding_eval [ 38.3%] 46432/121136 windows running_bpb=1.154013
  sliding_eval [ 39.7%] 48032/121136 windows running_bpb=1.153286
  sliding_eval [ 41.0%] 49632/121136 windows running_bpb=1.154488
  sliding_eval [ 42.3%] 51232/121136 windows running_bpb=1.155554
  sliding_eval [ 43.6%] 52832/121136 windows running_bpb=1.156077
  sliding_eval [ 44.9%] 54432/121136 windows running_bpb=1.155535
  sliding_eval [ 46.3%] 56032/121136 windows running_bpb=1.155925
  sliding_eval [ 47.6%] 57632/121136 windows running_bpb=1.155077
  sliding_eval [ 48.9%] 59232/121136 windows running_bpb=1.151225
  sliding_eval [ 50.2%] 60832/121136 windows running_bpb=1.151308
  sliding_eval [ 51.5%] 62432/121136 windows running_bpb=1.152197
  sliding_eval [ 52.9%] 64032/121136 windows running_bpb=1.152359
  sliding_eval [ 54.2%] 65632/121136 windows running_bpb=1.152186
  sliding_eval [ 55.5%] 67232/121136 windows running_bpb=1.150935
  sliding_eval [ 56.8%] 68832/121136 windows running_bpb=1.150608
  sliding_eval [ 58.1%] 70432/121136 windows running_bpb=1.149901
  sliding_eval [ 59.5%] 72032/121136 windows running_bpb=1.149974
  sliding_eval [ 60.8%] 73632/121136 windows running_bpb=1.149899
  sliding_eval [ 62.1%] 75232/121136 windows running_bpb=1.150073
  sliding_eval [ 63.4%] 76832/121136 windows running_bpb=1.149781
  sliding_eval [ 64.7%] 78432/121136 windows running_bpb=1.150386
  sliding_eval [ 66.1%] 80032/121136 windows running_bpb=1.150708
  sliding_eval [ 67.4%] 81632/121136 windows running_bpb=1.150401
  sliding_eval [ 68.7%] 83232/121136 windows running_bpb=1.151451
  sliding_eval [ 70.0%] 84832/121136 windows running_bpb=1.153371
  sliding_eval [ 71.4%] 86432/121136 windows running_bpb=1.152664
  sliding_eval [ 72.7%] 88032/121136 windows running_bpb=1.153387
  sliding_eval [ 74.0%] 89632/121136 windows running_bpb=1.153717
  sliding_eval [ 75.3%] 91232/121136 windows running_bpb=1.153688
  sliding_eval [ 76.6%] 92832/121136 windows running_bpb=1.153285
  sliding_eval [ 78.0%] 94432/121136 windows running_bpb=1.153489
  sliding_eval [ 79.3%] 96032/121136 windows running_bpb=1.152888
  sliding_eval [ 80.6%] 97632/121136 windows running_bpb=1.155711
  sliding_eval [ 81.9%] 99232/121136 windows running_bpb=1.155713
  sliding_eval [ 83.2%] 100832/121136 windows running_bpb=1.155756
  sliding_eval [ 84.6%] 102432/121136 windows running_bpb=1.155396
  sliding_eval [ 85.9%] 104032/121136 windows running_bpb=1.154881
  sliding_eval [ 87.2%] 105632/121136 windows running_bpb=1.154144
  sliding_eval [ 88.5%] 107232/121136 windows running_bpb=1.154130
  sliding_eval [ 89.8%] 108832/121136 windows running_bpb=1.154755
  sliding_eval [ 91.2%] 110432/121136 windows running_bpb=1.154788
  sliding_eval [ 92.5%] 112032/121136 windows running_bpb=1.154768
  sliding_eval [ 93.8%] 113632/121136 windows running_bpb=1.155207
  sliding_eval [ 95.1%] 115232/121136 windows running_bpb=1.154940
  sliding_eval [ 96.4%] 116832/121136 windows running_bpb=1.154550
  sliding_eval [ 97.8%] 118432/121136 windows running_bpb=1.154844
  sliding_eval [ 99.1%] 120032/121136 windows running_bpb=1.154933
final_int8_zlib_roundtrip val_loss:1.9392 val_bpb:1.1485 eval_time:155216ms
final_int8_zlib_roundtrip_exact val_loss:1.93923034 val_bpb:1.14852448
